2021-10-30 15:39:34-log: [Package] Profile Migrate: program@Cocos Creator...
2021-10-30 15:39:34-log: [Package] Profile Migrate: program@Cocos Creator...
2021-10-30 15:39:34-log: [Package] Profile Migrate: device@Cocos Creator...
2021-10-30 15:39:34-log: [Package] Profile Migrate: device@Cocos Creator...
2021-10-30 15:39:34-log: [Package] Profile Migrate: engine@Cocos Creator...
2021-10-30 15:39:35-log: [Package] menu@1.0.0 enable
2021-10-30 15:39:35-log: [Package] profile@1.0.0 enable
2021-10-30 15:39:35-log: [Package] messages@1.0.0 enable
2021-10-30 15:39:35-log: [Package] program@1.0.0 enable
2021-10-30 15:39:35-log: [Package] device@1.0.1 enable
2021-10-30 15:39:35-log: [Package] ui-kit@1.0.1 enable
2021-10-30 15:39:35-log: [Package] tester@1.0.0 enable
2021-10-30 15:39:35-log: [Package] preferences@1.0.0 enable
2021-10-30 15:39:35-log: Setup mods mgr.: 236.95ms
2021-10-30 15:39:35-log: [Package] engine@1.0.5 enable
2021-10-30 15:39:37-log: [Package] programming@1.0.0 enable
2021-10-30 15:39:37-log: [Package] asset-db@1.0.0 enable
2021-10-30 15:39:37-log: [Package] console@1.0.0 enable
2021-10-30 15:39:38-log: [Package] scene@1.0.0 enable
2021-10-30 15:39:38-log: [Package] about@1.0.0 enable
2021-10-30 15:39:38-log: [Package] server@1.0.0 enable
2021-10-30 15:39:38-log: [Package] utils@1.0.0 enable
2021-10-30 15:39:38-log: [Package] assets@1.0.0 enable
2021-10-30 15:39:38-log: [Package] inspector@1.0.0 enable
2021-10-30 15:39:38-log: [Package] hierarchy@1.0.0 enable
2021-10-30 15:39:39-log: [Package] preview@1.0.1 enable
2021-10-30 15:39:39-log: [Package] animator@1.0.0 enable
2021-10-30 15:39:39-log: [Package] builder@1.2.9 enable
2021-10-30 15:39:40-log: [Package] node-library@1.0.0 enable
2021-10-30 15:39:40-log: [Package] shortcuts@1.0.1 enable
2021-10-30 15:39:40-log: [Package] package-asset@1.0.0 enable
2021-10-30 15:39:40-log: [Package] reference-image@1.0.0 enable
2021-10-30 15:39:40-log: [Package] channel-upload-tools@1.0.0 enable
2021-10-30 15:39:40-log: [Package] runtime-dev-tools@1.0.0 enable
2021-10-30 15:39:40-log: [Package] alipay-mini-game@1.0.0 enable
2021-10-30 15:39:40-log: [Package] android@1.0.0 enable
2021-10-30 15:39:40-log: [Package] baidu-mini-game@1.0.0 enable
2021-10-30 15:39:40-log: [Package] bytedance-mini-game@1.0.1 enable
2021-10-30 15:39:40-log: [Package] huawei-agc@1.0.0 enable
2021-10-30 15:39:40-log: [Package] ios@1.0.0 enable
2021-10-30 15:39:40-log: [Package] ios-app-clip@1.0.0 enable
2021-10-30 15:39:40-log: [Package] mac@1.0.0 enable
2021-10-30 15:39:40-log: [Package] native@1.0.0 enable
2021-10-30 15:39:40-log: [Package] ohos@1.0.0 enable
2021-10-30 15:39:40-log: [Package] web-desktop@1.0.0 enable
2021-10-30 15:39:40-log: [Package] web-mobile@1.0.0 enable
2021-10-30 15:39:40-log: [Package] wechatgame@1.0.1 enable
2021-10-30 15:39:40-log: [Package] windows@1.0.0 enable
2021-10-30 15:39:40-log: [Package] xiaomi-quick-game@1.0.0 enable
2021-10-30 15:39:40-log: [Package] cocos-play@1.0.0 enable
2021-10-30 15:39:40-log: [Package] huawei-quick-game@1.0.0 enable
2021-10-30 15:39:40-log: [Package] link-sure@1.0.0 enable
2021-10-30 15:39:40-log: [Package] oppo-mini-game@1.0.0 enable
2021-10-30 15:39:40-log: [Package] qtt@1.0.0 enable
2021-10-30 15:39:40-log: [Package] vivo-mini-game@1.0.0 enable
2021-10-30 15:39:41-log: [Package] cocos-service@3.0.1 enable
2021-10-30 15:39:41-log: [Package] importer@1.0.0 enable
2021-10-30 15:39:41-log: [Package] extension@3.0.10 enable
2021-10-30 15:39:41-log: [Im-plugin] Check im-plugin version.
2021-10-30 15:39:41-log: [Package] im-plugin@3.0.7 enable
2021-10-30 15:39:41-log: [Package] lightmap@1.0.3 enable
2021-10-30 15:39:42-log: [Im-plugin] No online info of im-plugin.
2021-10-30 15:39:46-log: [Scene] begin init
2021-10-30 15:39:46-log: [Scene] require engine end
2021-10-30 15:39:46-log: [Scene] Serialize end
2021-10-30 15:39:46-log: [Scene] configureStartup end
2021-10-30 15:39:46-info: [Scene] WebGL2 device initialized.
2021-10-30 15:39:46-log: [Scene] Cocos Creator v3.3.2
2021-10-30 15:39:46-info: [Scene] Forward render pipeline initialized.
2021-10-30 15:39:47-log: [Scene] openEngine end
2021-10-30 15:39:47-log: [Scene] configureEngine end
